This file contains any messages produced by compilers while
running configure, to aid debugging if configure makes a mistake.

It was created by liblo configure 0.28, which was
generated by GNU Autoconf 2.69.  Invocation command line was

  $ ./configure 

## --------- ##
## Platform. ##
## --------- ##

hostname = Aparrnaas-MBP.wv.cc.cmu.edu
uname -m = x86_64
uname -r = 16.6.0
uname -s = Darwin
uname -v = Darwin Kernel Version 16.6.0: Fri Apr 14 16:21:16 PDT 2017; root:xnu-3789.60.24~6/RELEASE_X86_64

/usr/bin/uname -p = i386
/bin/uname -X     = unknown

/bin/arch              = unknown
/usr/bin/arch -k       = unknown
/usr/convex/getsysinfo = unknown
/usr/bin/hostinfo      = Mach kernel version:
	 Darwin Kernel Version 16.6.0: Fri Apr 14 16:21:16 PDT 2017; root:xnu-3789.60.24~6/RELEASE_X86_64
Kernel configured for up to 8 processors.
4 processors are physically available.
8 processors are logically available.
Processor type: x86_64h (Intel x86-64h Haswell)
Processors active: 0 1 2 3 4 5 6 7
Primary memory available: 16.00 gigabytes
Default processor set: 299 tasks, 1341 threads, 8 processors
Load average: 1.06, Mach factor: 6.93
/bin/machine           = unknown
/usr/bin/oslevel       = unknown
/bin/universe          = unknown

PATH: /Applications/CMake.app/Contents/bin
PATH: /Library/Frameworks/Python.framework/Versions/2.7/bin
PATH: /Library/Frameworks/Python.framework/Versions/3.6/bin
PATH: /usr/local/bin
PATH: /usr/bin
PATH: /bin
PATH: /usr/sbin
PATH: /sbin
PATH: /opt/X11/bin
PATH: /Users/aparrnaa/bin


## ----------- ##
## Core tests. ##
## ----------- ##

configure:2496: checking for a BSD-compatible install
configure:2564: result: /usr/bin/install -c
configure:2575: checking whether build environment is sane
configure:2630: result: yes
configure:2781: checking for a thread-safe mkdir -p
configure:2820: result: ./install-sh -c -d
configure:2827: checking for gawk
configure:2857: result: no
configure:2827: checking for mawk
configure:2857: result: no
configure:2827: checking for nawk
configure:2857: result: no
configure:2827: checking for awk
configure:2843: found /usr/bin/awk
configure:2854: result: awk
configure:2865: checking whether make sets $(MAKE)
configure:2887: result: yes
configure:2916: checking whether make supports nested variables
configure:2933: result: yes
configure:3018: checking whether to enable maintainer-specific portions of Makefiles
configure:3027: result: no
configure:3051: checking whether make supports nested variables
configure:3068: result: yes
configure:3214: checking for gcc
configure:3230: found /usr/bin/gcc
configure:3241: result: gcc
configure:3470: checking for C compiler version
configure:3479: gcc --version >&5
Apple LLVM version 8.1.0 (clang-802.0.42)
Target: x86_64-apple-darwin16.6.0
Thread model: posix
InstalledDir: /Library/Developer/CommandLineTools/usr/bin
Configured with: --prefix=/Library/Developer/CommandLineTools/usr --with-gxx-include-dir=/usr/include/c++/4.2.1
configure:3490: $? = 0
configure:3479: gcc -v >&5
Configured with: --prefix=/Library/Developer/CommandLineTools/usr --with-gxx-include-dir=/usr/include/c++/4.2.1
Apple LLVM version 8.1.0 (clang-802.0.42)
Target: x86_64-apple-darwin16.6.0
Thread model: posix
InstalledDir: /Library/Developer/CommandLineTools/usr/bin
configure:3490: $? = 0
configure:3479: gcc -V >&5
clang: error: argument to '-V' is missing (expected 1 value)
clang: error: no input files
configure:3490: $? = 1
configure:3479: gcc -qversion >&5
clang: error: unknown argument: '-qversion'
clang: error: no input files
configure:3490: $? = 1
configure:3510: checking whether the C compiler works
configure:3532: gcc    conftest.c  >&5
configure:3536: $? = 0
configure:3584: result: yes
configure:3587: checking for C compiler default output file name
configure:3589: result: a.out
configure:3595: checking for suffix of executables
configure:3602: gcc -o conftest    conftest.c  >&5
configure:3606: $? = 0
configure:3628: result: 
configure:3650: checking whether we are cross compiling
configure:3658: gcc -o conftest    conftest.c  >&5
configure:3662: $? = 0
configure:3669: ./conftest
configure:3673: $? = 0
configure:3688: result: no
configure:3693: checking for suffix of object files
configure:3715: gcc -c   conftest.c >&5
configure:3719: $? = 0
configure:3740: result: o
configure:3744: checking whether we are using the GNU C compiler
configure:3763: gcc -c   conftest.c >&5
configure:3763: $? = 0
configure:3772: result: yes
configure:3781: checking whether gcc accepts -g
configure:3801: gcc -c -g  conftest.c >&5
configure:3801: $? = 0
configure:3842: result: yes
configure:3859: checking for gcc option to accept ISO C89
configure:3922: gcc  -c -g -O2  conftest.c >&5
configure:3922: $? = 0
configure:3935: result: none needed
configure:3966: checking for style of include used by make
configure:3994: result: GNU
configure:4020: checking dependency style of gcc
configure:4131: result: gcc3
configure:4150: checking build system type
configure:4164: result: x86_64-apple-darwin16.6.0
configure:4184: checking host system type
configure:4197: result: x86_64-apple-darwin16.6.0
configure:4566: checking how to print strings
configure:4593: result: printf
configure:4614: checking for a sed that does not truncate output
configure:4678: result: /usr/bin/sed
configure:4696: checking for grep that handles long lines and -e
configure:4754: result: /usr/bin/grep
configure:4759: checking for egrep
configure:4821: result: /usr/bin/grep -E
configure:4826: checking for fgrep
configure:4888: result: /usr/bin/grep -F
configure:4923: checking for ld used by gcc
configure:4990: result: /Library/Developer/CommandLineTools/usr/bin/ld
configure:4997: checking if the linker (/Library/Developer/CommandLineTools/usr/bin/ld) is GNU ld
configure:5012: result: no
configure:5024: checking for BSD- or MS-compatible name lister (nm)
configure:5073: result: /usr/bin/nm -B
configure:5203: checking the name lister (/usr/bin/nm -B) interface
configure:5210: gcc -c -g -O2  conftest.c >&5
configure:5213: /usr/bin/nm -B "conftest.o"
configure:5216: output
0000000000000200 S _some_variable
configure:5223: result: BSD nm
configure:5226: checking whether ln -s works
configure:5230: result: yes
configure:5238: checking the maximum length of command line arguments
configure:5369: result: 196608
configure:5386: checking whether the shell understands some XSI constructs
configure:5396: result: yes
configure:5400: checking whether the shell understands "+="
configure:5406: result: yes
configure:5441: checking how to convert x86_64-apple-darwin16.6.0 file names to x86_64-apple-darwin16.6.0 format
configure:5481: result: func_convert_file_noop
configure:5488: checking how to convert x86_64-apple-darwin16.6.0 file names to toolchain format
configure:5508: result: func_convert_file_noop
configure:5515: checking for /Library/Developer/CommandLineTools/usr/bin/ld option to reload object files
configure:5522: result: -r
configure:5596: checking for objdump
configure:5623: result: objdump
configure:5652: checking how to recognize dependent libraries
configure:5850: result: pass_all
configure:5935: checking for dlltool
configure:5962: result: dlltool
configure:5992: checking how to associate runtime and link libraries
configure:6019: result: printf %s\n
configure:6080: checking for ar
configure:6096: found /usr/bin/ar
configure:6107: result: ar
configure:6144: checking for archiver @FILE support
configure:6161: gcc -c -g -O2  conftest.c >&5
configure:6161: $? = 0
configure:6164: ar cru libconftest.a @conftest.lst >&5
ar: @conftest.lst: No such file or directory
configure:6167: $? = 1
configure:6187: result: no
configure:6245: checking for strip
configure:6261: found /usr/bin/strip
configure:6272: result: strip
configure:6344: checking for ranlib
configure:6360: found /usr/bin/ranlib
configure:6371: result: ranlib
configure:6473: checking command to parse /usr/bin/nm -B output from gcc object
configure:6593: gcc -c -g -O2  conftest.c >&5
configure:6596: $? = 0
configure:6600: /usr/bin/nm -B conftest.o \| sed -n -e 's/^.*[ ]\([BCDEGRST][BCDEGRST]*\)[ ][ ]*\([_A-Za-z][_A-Za-z0-9]*\)$/\1 \2 \2/p' | sed '/ __gnu_lto/d' \> conftest.nm
configure:6603: $? = 0
cannot find nm_test_var in conftest.nm
configure:6593: gcc -c -g -O2  conftest.c >&5
configure:6596: $? = 0
configure:6600: /usr/bin/nm -B conftest.o \| sed -n -e 's/^.*[ ]\([BCDEGRST][BCDEGRST]*\)[ ][ ]*_\([_A-Za-z][_A-Za-z0-9]*\)$/\1 _\2 \2/p' | sed '/ __gnu_lto/d' \> conftest.nm
configure:6603: $? = 0
configure:6669: gcc -o conftest -g -O2   conftest.c conftstm.o >&5
warning: (x86_64)  could not find object file symbol for symbol _main
configure:6672: $? = 0
configure:6710: result: ok
configure:6747: checking for sysroot
configure:6777: result: no
configure:7040: checking for mt
configure:7070: result: no
configure:7090: checking if : is a manifest tool
configure:7096: : '-?'
configure:7104: result: no
configure:7160: checking for dsymutil
configure:7176: found /usr/bin/dsymutil
configure:7187: result: dsymutil
configure:7252: checking for nmedit
configure:7268: found /usr/bin/nmedit
configure:7279: result: nmedit
configure:7344: checking for lipo
configure:7360: found /usr/bin/lipo
configure:7371: result: lipo
configure:7436: checking for otool
configure:7452: found /usr/bin/otool
configure:7463: result: otool
configure:7528: checking for otool64
configure:7558: result: no
configure:7603: checking for -single_module linker flag
gcc -g -O2  -o libconftest.dylib -dynamiclib -Wl,-single_module conftest.c
configure:7636: result: yes
configure:7639: checking for -exported_symbols_list linker flag
configure:7659: gcc -o conftest -g -O2   -Wl,-exported_symbols_list,conftest.sym conftest.c  >&5
configure:7659: $? = 0
configure:7669: result: yes
configure:7672: checking for -force_load linker flag
gcc -g -O2 -c -o conftest.o conftest.c
ar cru libconftest.a conftest.o
ranlib libconftest.a
gcc -g -O2  -o conftest conftest.c -Wl,-force_load,./libconftest.a
configure:7704: result: yes
configure:7746: checking how to run the C preprocessor
configure:7777: gcc -E  conftest.c
configure:7777: $? = 0
configure:7791: gcc -E  conftest.c
conftest.c:12:10: fatal error: 'ac_nonexistent.h' file not found
#include <ac_nonexistent.h>
         ^
1 error generated.
configure:7791: $? = 1
configure: failed program was:
| /* confdefs.h */
| #define PACKAGE_NAME "liblo"
| #define PACKAGE_TARNAME "liblo"
| #define PACKAGE_VERSION "0.28"
| #define PACKAGE_STRING "liblo 0.28"
| #define PACKAGE_BUGREPORT "liblo-devel@lists.sourceforge.net"
| #define PACKAGE_URL ""
| #define PACKAGE "liblo"
| #define VERSION "0.28"
| #define LO_SO_VERSION {9, 0, 2}
| /* end confdefs.h.  */
| #include <ac_nonexistent.h>
configure:7816: result: gcc -E
configure:7836: gcc -E  conftest.c
configure:7836: $? = 0
configure:7850: gcc -E  conftest.c
conftest.c:12:10: fatal error: 'ac_nonexistent.h' file not found
#include <ac_nonexistent.h>
         ^
1 error generated.
configure:7850: $? = 1
configure: failed program was:
| /* confdefs.h */
| #define PACKAGE_NAME "liblo"
| #define PACKAGE_TARNAME "liblo"
| #define PACKAGE_VERSION "0.28"
| #define PACKAGE_STRING "liblo 0.28"
| #define PACKAGE_BUGREPORT "liblo-devel@lists.sourceforge.net"
| #define PACKAGE_URL ""
| #define PACKAGE "liblo"
| #define VERSION "0.28"
| #define LO_SO_VERSION {9, 0, 2}
| /* end confdefs.h.  */
| #include <ac_nonexistent.h>
configure:7879: checking for ANSI C header files
configure:7899: gcc -c -g -O2  conftest.c >&5
configure:7899: $? = 0
configure:7972: gcc -o conftest -g -O2   conftest.c  >&5
configure:7972: $? = 0
configure:7972: ./conftest
configure:7972: $? = 0
configure:7983: result: yes
configure:7996: checking for sys/types.h
configure:7996: gcc -c -g -O2  conftest.c >&5
configure:7996: $? = 0
configure:7996: result: yes
configure:7996: checking for sys/stat.h
configure:7996: gcc -c -g -O2  conftest.c >&5
configure:7996: $? = 0
configure:7996: result: yes
configure:7996: checking for stdlib.h
configure:7996: gcc -c -g -O2  conftest.c >&5
configure:7996: $? = 0
configure:7996: result: yes
configure:7996: checking for string.h
configure:7996: gcc -c -g -O2  conftest.c >&5
configure:7996: $? = 0
configure:7996: result: yes
configure:7996: checking for memory.h
configure:7996: gcc -c -g -O2  conftest.c >&5
configure:7996: $? = 0
configure:7996: result: yes
configure:7996: checking for strings.h
configure:7996: gcc -c -g -O2  conftest.c >&5
configure:7996: $? = 0
configure:7996: result: yes
configure:7996: checking for inttypes.h
configure:7996: gcc -c -g -O2  conftest.c >&5
configure:7996: $? = 0
configure:7996: result: yes
configure:7996: checking for stdint.h
configure:7996: gcc -c -g -O2  conftest.c >&5
configure:7996: $? = 0
configure:7996: result: yes
configure:7996: checking for unistd.h
configure:7996: gcc -c -g -O2  conftest.c >&5
configure:7996: $? = 0
configure:7996: result: yes
configure:8010: checking for dlfcn.h
configure:8010: gcc -c -g -O2  conftest.c >&5
configure:8010: $? = 0
configure:8010: result: yes
configure:8154: checking for objdir
configure:8169: result: .libs
configure:8440: checking if gcc supports -fno-rtti -fno-exceptions
configure:8458: gcc -c -g -O2  -fno-rtti -fno-exceptions conftest.c >&5
configure:8462: $? = 0
configure:8475: result: yes
configure:8802: checking for gcc option to produce PIC
configure:8809: result: -fno-common -DPIC
configure:8817: checking if gcc PIC flag -fno-common -DPIC works
configure:8835: gcc -c -g -O2  -fno-common -DPIC -DPIC conftest.c >&5
configure:8839: $? = 0
configure:8852: result: yes
configure:8881: checking if gcc static flag -static works
configure:8909: result: no
configure:8924: checking if gcc supports -c -o file.o
configure:8945: gcc -c -g -O2  -o out/conftest2.o conftest.c >&5
configure:8949: $? = 0
configure:8971: result: yes
configure:8979: checking if gcc supports -c -o file.o
configure:9026: result: yes
configure:9059: checking whether the gcc linker (/Library/Developer/CommandLineTools/usr/bin/ld) supports shared libraries
configure:10216: result: yes
configure:10456: checking dynamic linker characteristics
configure:11190: result: darwin16.6.0 dyld
configure:11297: checking how to hardcode library paths into programs
configure:11322: result: immediate
configure:11862: checking whether stripping libraries is possible
configure:11876: result: yes
configure:11902: checking if libtool supports shared libraries
configure:11904: result: yes
configure:11907: checking whether to build shared libraries
configure:11928: result: yes
configure:11931: checking whether to build static libraries
configure:11935: result: no
configure:11973: checking whether gcc and cc understand -c and -o together
configure:12004: gcc -c conftest.c -o conftest2.o >&5
configure:12008: $? = 0
configure:12014: gcc -c conftest.c -o conftest2.o >&5
configure:12018: $? = 0
configure:12029: cc -c conftest.c >&5
configure:12033: $? = 0
configure:12041: cc -c conftest.c -o conftest2.o >&5
configure:12045: $? = 0
configure:12051: cc -c conftest.c -o conftest2.o >&5
configure:12055: $? = 0
configure:12073: result: yes
configure:12100: checking for doxygen
configure:12130: result: no
configure:12139: checking whether to add -Qunused-arguments (C)
configure:12154: gcc -c -g -O2 -Qunused-arguments  conftest.c >&5
configure:12154: $? = 0
configure:12155: result: yes
configure:12167: checking how to print long long int
configure:12182: gcc -c -g -O2 -Qunused-arguments -Werror -Wall  conftest.c >&5
configure:12182: $? = 0
configure:12204: result: "ll"
configure:12272: checking for g++
configure:12288: found /usr/bin/g++
configure:12299: result: g++
configure:12326: checking for C++ compiler version
configure:12335: g++ --version >&5
Apple LLVM version 8.1.0 (clang-802.0.42)
Target: x86_64-apple-darwin16.6.0
Thread model: posix
InstalledDir: /Library/Developer/CommandLineTools/usr/bin
Configured with: --prefix=/Library/Developer/CommandLineTools/usr --with-gxx-include-dir=/usr/include/c++/4.2.1
configure:12346: $? = 0
configure:12335: g++ -v >&5
Configured with: --prefix=/Library/Developer/CommandLineTools/usr --with-gxx-include-dir=/usr/include/c++/4.2.1
Apple LLVM version 8.1.0 (clang-802.0.42)
Target: x86_64-apple-darwin16.6.0
Thread model: posix
InstalledDir: /Library/Developer/CommandLineTools/usr/bin
configure:12346: $? = 0
configure:12335: g++ -V >&5
clang: error: argument to '-V' is missing (expected 1 value)
clang: error: no input files
configure:12346: $? = 1
configure:12335: g++ -qversion >&5
clang: error: unknown argument: '-qversion'
clang: error: no input files
configure:12346: $? = 1
configure:12350: checking whether we are using the GNU C++ compiler
configure:12369: g++ -c   conftest.cpp >&5
configure:12369: $? = 0
configure:12378: result: yes
configure:12387: checking whether g++ accepts -g
configure:12407: g++ -c -g  conftest.cpp >&5
configure:12407: $? = 0
configure:12448: result: yes
configure:12473: checking dependency style of g++
configure:12584: result: gcc3
configure:12617: checking how to run the C++ preprocessor
configure:12644: g++ -E  conftest.cpp
configure:12644: $? = 0
configure:12658: g++ -E  conftest.cpp
conftest.cpp:25:10: fatal error: 'ac_nonexistent.h' file not found
#include <ac_nonexistent.h>
         ^
1 error generated.
configure:12658: $? = 1
configure: failed program was:
| /* confdefs.h */
| #define PACKAGE_NAME "liblo"
| #define PACKAGE_TARNAME "liblo"
| #define PACKAGE_VERSION "0.28"
| #define PACKAGE_STRING "liblo 0.28"
| #define PACKAGE_BUGREPORT "liblo-devel@lists.sourceforge.net"
| #define PACKAGE_URL ""
| #define PACKAGE "liblo"
| #define VERSION "0.28"
| #define LO_SO_VERSION {9, 0, 2}
| #define STDC_HEADERS 1
| #define HAVE_SYS_TYPES_H 1
| #define HAVE_SYS_STAT_H 1
| #define HAVE_STDLIB_H 1
| #define HAVE_STRING_H 1
| #define HAVE_MEMORY_H 1
| #define HAVE_STRINGS_H 1
| #define HAVE_INTTYPES_H 1
| #define HAVE_STDINT_H 1
| #define HAVE_UNISTD_H 1
| #define HAVE_DLFCN_H 1
| #define LT_OBJDIR ".libs/"
| #define PRINTF_LL "ll"
| /* end confdefs.h.  */
| #include <ac_nonexistent.h>
configure:12683: result: g++ -E
configure:12703: g++ -E  conftest.cpp
configure:12703: $? = 0
configure:12717: g++ -E  conftest.cpp
conftest.cpp:25:10: fatal error: 'ac_nonexistent.h' file not found
#include <ac_nonexistent.h>
         ^
1 error generated.
configure:12717: $? = 1
configure: failed program was:
| /* confdefs.h */
| #define PACKAGE_NAME "liblo"
| #define PACKAGE_TARNAME "liblo"
| #define PACKAGE_VERSION "0.28"
| #define PACKAGE_STRING "liblo 0.28"
| #define PACKAGE_BUGREPORT "liblo-devel@lists.sourceforge.net"
| #define PACKAGE_URL ""
| #define PACKAGE "liblo"
| #define VERSION "0.28"
| #define LO_SO_VERSION {9, 0, 2}
| #define STDC_HEADERS 1
| #define HAVE_SYS_TYPES_H 1
| #define HAVE_SYS_STAT_H 1
| #define HAVE_STDLIB_H 1
| #define HAVE_STRING_H 1
| #define HAVE_MEMORY_H 1
| #define HAVE_STRINGS_H 1
| #define HAVE_INTTYPES_H 1
| #define HAVE_STDINT_H 1
| #define HAVE_UNISTD_H 1
| #define HAVE_DLFCN_H 1
| #define LT_OBJDIR ".libs/"
| #define PRINTF_LL "ll"
| /* end confdefs.h.  */
| #include <ac_nonexistent.h>
configure:12886: checking for ld used by g++
configure:12953: result: /Library/Developer/CommandLineTools/usr/bin/ld
configure:12960: checking if the linker (/Library/Developer/CommandLineTools/usr/bin/ld) is GNU ld
configure:12975: result: no
configure:13030: checking whether the g++ linker (/Library/Developer/CommandLineTools/usr/bin/ld) supports shared libraries
configure:14032: result: yes
configure:14068: g++ -c -g -O2  conftest.cpp >&5
configure:14071: $? = 0
configure:14591: checking for g++ option to produce PIC
configure:14598: result: -fno-common -DPIC
configure:14606: checking if g++ PIC flag -fno-common -DPIC works
configure:14624: g++ -c -g -O2  -fno-common -DPIC -DPIC conftest.cpp >&5
configure:14628: $? = 0
configure:14641: result: yes
configure:14664: checking if g++ static flag -static works
configure:14692: result: no
configure:14704: checking if g++ supports -c -o file.o
configure:14725: g++ -c -g -O2  -o out/conftest2.o conftest.cpp >&5
configure:14729: $? = 0
configure:14751: result: yes
configure:14756: checking if g++ supports -c -o file.o
configure:14803: result: yes
configure:14833: checking whether the g++ linker (/Library/Developer/CommandLineTools/usr/bin/ld) supports shared libraries
configure:14872: result: yes
configure:15013: checking dynamic linker characteristics
configure:15681: result: darwin16.6.0 dyld
configure:15734: checking how to hardcode library paths into programs
configure:15759: result: immediate
configure:15807: checking whether C++11 lambdas are supported
configure:15821: g++ -c -g -O2 -std=c++11  conftest.cpp >&5
conftest.cpp:29:40: warning: expression result unused [-Wunused-value]
[](std::function<void()> f){f();}([](){0;});
                                       ^
1 warning generated.
configure:15821: $? = 0
configure:15822: result: yes
configure:15882: checking whether to add -Qunused-arguments (C++)
configure:15897: g++ -c -g -O2 -std=c++11 -Qunused-arguments  conftest.cpp >&5
configure:15897: $? = 0
configure:15898: result: yes
configure:15932: checking for library containing recvfrom
configure:15963: gcc -o conftest -g -O2 -Qunused-arguments   conftest.c  >&5
configure:15963: $? = 0
configure:15980: result: none required
configure:15988: checking for log
configure:15988: gcc -o conftest -g -O2 -Qunused-arguments   conftest.c  >&5
conftest.c:48:6: warning: incompatible redeclaration of library function 'log' [-Wincompatible-library-redeclaration]
char log ();
     ^
conftest.c:48:6: note: 'log' is a builtin with type 'double (double)'
1 warning generated.
configure:15988: $? = 0
configure:15988: result: yes
configure:16041: checking for getifaddrs
configure:16041: gcc -o conftest -g -O2 -Qunused-arguments   conftest.c  >&5
configure:16041: $? = 0
configure:16041: result: yes
configure:16053: checking for library containing pthread_create
configure:16084: gcc -o conftest -g -O2 -Qunused-arguments   conftest.c  >&5
configure:16084: $? = 0
configure:16101: result: none required
configure:16144: checking for ANSI C header files
configure:16248: result: yes
configure:16259: checking netdb.h usability
configure:16259: gcc -c -g -O2 -Qunused-arguments  conftest.c >&5
configure:16259: $? = 0
configure:16259: result: yes
configure:16259: checking netdb.h presence
configure:16259: gcc -E  conftest.c
configure:16259: $? = 0
configure:16259: result: yes
configure:16259: checking for netdb.h
configure:16259: result: yes
configure:16259: checking netinet/in.h usability
configure:16259: gcc -c -g -O2 -Qunused-arguments  conftest.c >&5
configure:16259: $? = 0
configure:16259: result: yes
configure:16259: checking netinet/in.h presence
configure:16259: gcc -E  conftest.c
configure:16259: $? = 0
configure:16259: result: yes
configure:16259: checking for netinet/in.h
configure:16259: result: yes
configure:16259: checking for stdlib.h
configure:16259: result: yes
configure:16259: checking for string.h
configure:16259: result: yes
configure:16259: checking sys/socket.h usability
configure:16259: gcc -c -g -O2 -Qunused-arguments  conftest.c >&5
configure:16259: $? = 0
configure:16259: result: yes
configure:16259: checking sys/socket.h presence
configure:16259: gcc -E  conftest.c
configure:16259: $? = 0
configure:16259: result: yes
configure:16259: checking for sys/socket.h
configure:16259: result: yes
configure:16259: checking for unistd.h
configure:16259: result: yes
configure:16271: checking for an ANSI C-conforming const
configure:16337: gcc -c -g -O2 -Qunused-arguments  conftest.c >&5
configure:16337: $? = 0
configure:16344: result: yes
configure:16352: checking for size_t
configure:16352: gcc -c -g -O2 -Qunused-arguments  conftest.c >&5
configure:16352: $? = 0
configure:16352: gcc -c -g -O2 -Qunused-arguments  conftest.c >&5
conftest.c:70:21: error: expected expression
if (sizeof ((size_t)))
                    ^
1 error generated.
configure:16352: $? = 1
configure: failed program was:
| /* confdefs.h */
| #define PACKAGE_NAME "liblo"
| #define PACKAGE_TARNAME "liblo"
| #define PACKAGE_VERSION "0.28"
| #define PACKAGE_STRING "liblo 0.28"
| #define PACKAGE_BUGREPORT "liblo-devel@lists.sourceforge.net"
| #define PACKAGE_URL ""
| #define PACKAGE "liblo"
| #define VERSION "0.28"
| #define LO_SO_VERSION {9, 0, 2}
| #define STDC_HEADERS 1
| #define HAVE_SYS_TYPES_H 1
| #define HAVE_SYS_STAT_H 1
| #define HAVE_STDLIB_H 1
| #define HAVE_STRING_H 1
| #define HAVE_MEMORY_H 1
| #define HAVE_STRINGS_H 1
| #define HAVE_INTTYPES_H 1
| #define HAVE_STDINT_H 1
| #define HAVE_UNISTD_H 1
| #define HAVE_DLFCN_H 1
| #define LT_OBJDIR ".libs/"
| #define PRINTF_LL "ll"
| #define HAVE_GETIFADDRS 1
| #define ENABLE_THREADS 1
| #define STDC_HEADERS 1
| #define HAVE_NETDB_H 1
| #define HAVE_NETINET_IN_H 1
| #define HAVE_STDLIB_H 1
| #define HAVE_STRING_H 1
| #define HAVE_SYS_SOCKET_H 1
| #define HAVE_UNISTD_H 1
| /* end confdefs.h.  */
| #include <stdio.h>
| #ifdef HAVE_SYS_TYPES_H
| # include <sys/types.h>
| #endif
| #ifdef HAVE_SYS_STAT_H
| # include <sys/stat.h>
| #endif
| #ifdef STDC_HEADERS
| # include <stdlib.h>
| # include <stddef.h>
| #else
| # ifdef HAVE_STDLIB_H
| #  include <stdlib.h>
| # endif
| #endif
| #ifdef HAVE_STRING_H
| # if !defined STDC_HEADERS && defined HAVE_MEMORY_H
| #  include <memory.h>
| # endif
| # include <string.h>
| #endif
| #ifdef HAVE_STRINGS_H
| # include <strings.h>
| #endif
| #ifdef HAVE_INTTYPES_H
| # include <inttypes.h>
| #endif
| #ifdef HAVE_STDINT_H
| # include <stdint.h>
| #endif
| #ifdef HAVE_UNISTD_H
| # include <unistd.h>
| #endif
| int
| main ()
| {
| if (sizeof ((size_t)))
| 	    return 0;
|   ;
|   return 0;
| }
configure:16352: result: yes
configure:16365: checking for select
configure:16365: gcc -o conftest -g -O2 -Qunused-arguments   conftest.c  >&5
configure:16365: $? = 0
configure:16365: result: yes
configure:16405: checking for poll
configure:16405: gcc -o conftest -g -O2 -Qunused-arguments   conftest.c  >&5
configure:16405: $? = 0
configure:16405: result: yes
configure:16412: checking for inet_pton
configure:16412: gcc -o conftest -g -O2 -Qunused-arguments   conftest.c  >&5
configure:16412: $? = 0
configure:16412: result: yes
configure:16444: checking whether byte ordering is bigendian
configure:16459: gcc -c -g -O2 -Qunused-arguments  conftest.c >&5
configure:16459: $? = 0
configure:16504: gcc -c -g -O2 -Qunused-arguments  conftest.c >&5
configure:16504: $? = 0
configure:16522: gcc -c -g -O2 -Qunused-arguments  conftest.c >&5
conftest.c:44:4: error: use of undeclared identifier 'not'
                 not big endian
                 ^
1 error generated.
configure:16522: $? = 1
configure: failed program was:
| /* confdefs.h */
| #define PACKAGE_NAME "liblo"
| #define PACKAGE_TARNAME "liblo"
| #define PACKAGE_VERSION "0.28"
| #define PACKAGE_STRING "liblo 0.28"
| #define PACKAGE_BUGREPORT "liblo-devel@lists.sourceforge.net"
| #define PACKAGE_URL ""
| #define PACKAGE "liblo"
| #define VERSION "0.28"
| #define LO_SO_VERSION {9, 0, 2}
| #define STDC_HEADERS 1
| #define HAVE_SYS_TYPES_H 1
| #define HAVE_SYS_STAT_H 1
| #define HAVE_STDLIB_H 1
| #define HAVE_STRING_H 1
| #define HAVE_MEMORY_H 1
| #define HAVE_STRINGS_H 1
| #define HAVE_INTTYPES_H 1
| #define HAVE_STDINT_H 1
| #define HAVE_UNISTD_H 1
| #define HAVE_DLFCN_H 1
| #define LT_OBJDIR ".libs/"
| #define PRINTF_LL "ll"
| #define HAVE_GETIFADDRS 1
| #define ENABLE_THREADS 1
| #define STDC_HEADERS 1
| #define HAVE_NETDB_H 1
| #define HAVE_NETINET_IN_H 1
| #define HAVE_STDLIB_H 1
| #define HAVE_STRING_H 1
| #define HAVE_SYS_SOCKET_H 1
| #define HAVE_UNISTD_H 1
| #define HAVE_SELECT 1
| #define HAVE_POLL 1
| #define HAVE_INET_PTON 1
| /* end confdefs.h.  */
| #include <sys/types.h>
| 		#include <sys/param.h>
| 
| int
| main ()
| {
| #if BYTE_ORDER != BIG_ENDIAN
| 		 not big endian
| 		#endif
| 
|   ;
|   return 0;
| }
configure:16650: result: no
configure:16812: checking that generated files are newer than configure
configure:16818: result: done
configure:16866: creating ./config.status

## ---------------------- ##
## Running config.status. ##
## ---------------------- ##

This file was extended by liblo config.status 0.28, which was
generated by GNU Autoconf 2.69.  Invocation command line was

  CONFIG_FILES    = 
  CONFIG_HEADERS  = 
  CONFIG_LINKS    = 
  CONFIG_COMMANDS = 
  $ ./config.status 

on Aparrnaas-MBP.wv.cc.cmu.edu

config.status:1188: creating Makefile
config.status:1188: creating src/Makefile
config.status:1188: creating src/tools/Makefile
config.status:1188: creating src/liblo.def
config.status:1188: creating examples/Makefile
config.status:1188: creating lo/Makefile
config.status:1188: creating lo/lo.h
config.status:1188: creating lo/lo_endian.h
config.status:1188: creating liblo.pc
config.status:1188: creating doc/Makefile
config.status:1188: creating doc/reference.doxygen
config.status:1188: creating build/Makefile
config.status:1188: creating config.h
config.status:1417: executing depfiles commands
config.status:1417: executing libtool commands

## ---------------- ##
## Cache variables. ##
## ---------------- ##

ac_cv_build=x86_64-apple-darwin16.6.0
ac_cv_c_bigendian=no
ac_cv_c_compiler_gnu=yes
ac_cv_c_const=yes
ac_cv_cxx_compiler_gnu=yes
ac_cv_env_CCC_set=
ac_cv_env_CCC_value=
ac_cv_env_CC_set=
ac_cv_env_CC_value=
ac_cv_env_CFLAGS_set=
ac_cv_env_CFLAGS_value=
ac_cv_env_CPPFLAGS_set=
ac_cv_env_CPPFLAGS_value=
ac_cv_env_CPP_set=
ac_cv_env_CPP_value=
ac_cv_env_CXXCPP_set=
ac_cv_env_CXXCPP_value=
ac_cv_env_CXXFLAGS_set=
ac_cv_env_CXXFLAGS_value=
ac_cv_env_CXX_set=
ac_cv_env_CXX_value=
ac_cv_env_LDFLAGS_set=
ac_cv_env_LDFLAGS_value=
ac_cv_env_LIBS_set=
ac_cv_env_LIBS_value=
ac_cv_env_build_alias_set=
ac_cv_env_build_alias_value=
ac_cv_env_host_alias_set=
ac_cv_env_host_alias_value=
ac_cv_env_target_alias_set=
ac_cv_env_target_alias_value=
ac_cv_func_getifaddrs=yes
ac_cv_func_inet_pton=yes
ac_cv_func_log=yes
ac_cv_func_poll=yes
ac_cv_func_select=yes
ac_cv_header_dlfcn_h=yes
ac_cv_header_inttypes_h=yes
ac_cv_header_memory_h=yes
ac_cv_header_netdb_h=yes
ac_cv_header_netinet_in_h=yes
ac_cv_header_stdc=yes
ac_cv_header_stdint_h=yes
ac_cv_header_stdlib_h=yes
ac_cv_header_string_h=yes
ac_cv_header_strings_h=yes
ac_cv_header_sys_socket_h=yes
ac_cv_header_sys_stat_h=yes
ac_cv_header_sys_types_h=yes
ac_cv_header_unistd_h=yes
ac_cv_host=x86_64-apple-darwin16.6.0
ac_cv_objext=o
ac_cv_path_EGREP='/usr/bin/grep -E'
ac_cv_path_FGREP='/usr/bin/grep -F'
ac_cv_path_GREP=/usr/bin/grep
ac_cv_path_SED=/usr/bin/sed
ac_cv_path_install='/usr/bin/install -c'
ac_cv_prog_AWK=awk
ac_cv_prog_CPP='gcc -E'
ac_cv_prog_CXXCPP='g++ -E'
ac_cv_prog_ac_ct_AR=ar
ac_cv_prog_ac_ct_CC=gcc
ac_cv_prog_ac_ct_CXX=g++
ac_cv_prog_ac_ct_DLLTOOL=dlltool
ac_cv_prog_ac_ct_DSYMUTIL=dsymutil
ac_cv_prog_ac_ct_LIPO=lipo
ac_cv_prog_ac_ct_NMEDIT=nmedit
ac_cv_prog_ac_ct_OBJDUMP=objdump
ac_cv_prog_ac_ct_OTOOL=otool
ac_cv_prog_ac_ct_RANLIB=ranlib
ac_cv_prog_ac_ct_STRIP=strip
ac_cv_prog_cc_c89=
ac_cv_prog_cc_g=yes
ac_cv_prog_cc_gcc_c_o=yes
ac_cv_prog_cxx_g=yes
ac_cv_prog_make_make_set=yes
ac_cv_search_pthread_create='none required'
ac_cv_search_recvfrom='none required'
ac_cv_type_size_t=yes
am_cv_CC_dependencies_compiler_type=gcc3
am_cv_CXX_dependencies_compiler_type=gcc3
am_cv_make_support_nested_variables=yes
lt_cv_apple_cc_single_mod=yes
lt_cv_ar_at_file=no
lt_cv_deplibs_check_method=pass_all
lt_cv_file_magic_cmd='$MAGIC_CMD'
lt_cv_file_magic_test_file=
lt_cv_ld_exported_symbols_list=yes
lt_cv_ld_force_load=yes
lt_cv_ld_reload_flag=-r
lt_cv_nm_interface='BSD nm'
lt_cv_objdir=.libs
lt_cv_path_LD=/Library/Developer/CommandLineTools/usr/bin/ld
lt_cv_path_LDCXX=/Library/Developer/CommandLineTools/usr/bin/ld
lt_cv_path_NM='/usr/bin/nm -B'
lt_cv_path_mainfest_tool=no
lt_cv_prog_compiler_c_o=yes
lt_cv_prog_compiler_c_o_CXX=yes
lt_cv_prog_compiler_pic='-fno-common -DPIC'
lt_cv_prog_compiler_pic_CXX='-fno-common -DPIC'
lt_cv_prog_compiler_pic_works=yes
lt_cv_prog_compiler_pic_works_CXX=yes
lt_cv_prog_compiler_rtti_exceptions=yes
lt_cv_prog_compiler_static_works=no
lt_cv_prog_compiler_static_works_CXX=no
lt_cv_prog_gnu_ld=no
lt_cv_prog_gnu_ldcxx=no
lt_cv_sharedlib_from_linklib_cmd='printf %s\n'
lt_cv_sys_global_symbol_pipe='sed -n -e '\''s/^.*[	 ]\([BCDEGRST][BCDEGRST]*\)[	 ][	 ]*_\([_A-Za-z][_A-Za-z0-9]*\)$/\1 _\2 \2/p'\'' | sed '\''/ __gnu_lto/d'\'''
lt_cv_sys_global_symbol_to_c_name_address='sed -n -e '\''s/^: \([^ ]*\)[ ]*$/  {\"\1\", (void *) 0},/p'\'' -e '\''s/^[BCDEGRST]* \([^ ]*\) \([^ ]*\)$/  {"\2", (void *) \&\2},/p'\'''
lt_cv_sys_global_symbol_to_c_name_address_lib_prefix='sed -n -e '\''s/^: \([^ ]*\)[ ]*$/  {\"\1\", (void *) 0},/p'\'' -e '\''s/^[BCDEGRST]* \([^ ]*\) \(lib[^ ]*\)$/  {"\2", (void *) \&\2},/p'\'' -e '\''s/^[BCDEGRST]* \([^ ]*\) \([^ ]*\)$/  {"lib\2", (void *) \&\2},/p'\'''
lt_cv_sys_global_symbol_to_cdecl='sed -n -e '\''s/^T .* \(.*\)$/extern int \1();/p'\'' -e '\''s/^[BCDEGRST]* .* \(.*\)$/extern char \1;/p'\'''
lt_cv_sys_max_cmd_len=196608
lt_cv_to_host_file_cmd=func_convert_file_noop
lt_cv_to_tool_file_cmd=func_convert_file_noop

## ----------------- ##
## Output variables. ##
## ----------------- ##

ACLOCAL='${SHELL} /Users/aparrnaa/Desktop/CMU/Practicum/liblo-0.28/missing aclocal-1.13'
AMDEPBACKSLASH='\'
AMDEP_FALSE='#'
AMDEP_TRUE=''
AMTAR='$${TAR-tar}'
AM_BACKSLASH='\'
AM_DEFAULT_V='$(AM_DEFAULT_VERBOSITY)'
AM_DEFAULT_VERBOSITY='0'
AM_V='$(V)'
AR='ar'
AS='as'
AUTOCONF='${SHELL} /Users/aparrnaa/Desktop/CMU/Practicum/liblo-0.28/missing autoconf'
AUTOHEADER='${SHELL} /Users/aparrnaa/Desktop/CMU/Practicum/liblo-0.28/missing autoheader'
AUTOMAKE='${SHELL} /Users/aparrnaa/Desktop/CMU/Practicum/liblo-0.28/missing automake-1.13'
AWK='awk'
CC='gcc'
CCDEPMODE='depmode=gcc3'
CFLAGS='-g -O2 -Qunused-arguments'
CPP='gcc -E'
CPPFLAGS=''
CXX='g++'
CXXCPP='g++ -E'
CXXDEPMODE='depmode=gcc3'
CXXFLAGS='-g -O2 -std=c++11 -Qunused-arguments'
CYGPATH_W='echo'
DEFS='-DHAVE_CONFIG_H'
DEFTHREADS=''
DEPDIR='.deps'
DLLTOOL='dlltool'
DLL_NAME='liblo-7.dll'
DOXYGEN=''
DSYMUTIL='dsymutil'
DUMPBIN=''
ECHO_C='\c'
ECHO_N=''
ECHO_T=''
EGREP='/usr/bin/grep -E'
ENABLE_THREADS='1'
ENABLE_THREADS_FALSE='#'
ENABLE_THREADS_TRUE=''
EXEEXT=''
FGREP='/usr/bin/grep -F'
GREP='/usr/bin/grep'
HAVE_LAMBDA_FALSE='#'
HAVE_LAMBDA_TRUE=''
INSTALL_DATA='${INSTALL} -m 644'
INSTALL_PROGRAM='${INSTALL}'
INSTALL_SCRIPT='${INSTALL}'
INSTALL_STRIP_PROGRAM='$(install_sh) -c -s'
LD='/Library/Developer/CommandLineTools/usr/bin/ld'
LDFLAGS=''
LIBOBJS=''
LIBPTHREAD=''
LIBS=''
LIBTOOL='$(SHELL) $(top_builddir)/libtool'
LIPO='lipo'
LN_S='ln -s'
LO_BIGENDIAN='0'
LO_SO_VERSION='9:0:2'
LTLIBOBJS=''
LT_CURRENT_MINUS_AGE='7'
MAINT='#'
MAINTAINER_MODE_FALSE=''
MAINTAINER_MODE_TRUE='#'
MAKEINFO='${SHELL} /Users/aparrnaa/Desktop/CMU/Practicum/liblo-0.28/missing makeinfo'
MANIFEST_TOOL=':'
MKDIR_P='./install-sh -c -d'
NM='/usr/bin/nm -B'
NMEDIT='nmedit'
OBJDUMP='objdump'
OBJEXT='o'
OTOOL64=':'
OTOOL='otool'
PACKAGE='liblo'
PACKAGE_BUGREPORT='liblo-devel@lists.sourceforge.net'
PACKAGE_NAME='liblo'
PACKAGE_STRING='liblo 0.28'
PACKAGE_TARNAME='liblo'
PACKAGE_URL=''
PACKAGE_VERSION='0.28'
PATH_SEPARATOR=':'
RANLIB='ranlib'
SED='/usr/bin/sed'
SET_MAKE=''
SHELL='/bin/sh'
STRIP='strip'
VERSION='0.28'
WINDOWS_DLL_FALSE=''
WINDOWS_DLL_TRUE='#'
WINDOWS_FALSE=''
WINDOWS_TRUE='#'
ac_ct_AR='ar'
ac_ct_CC='gcc'
ac_ct_CXX='g++'
ac_ct_DUMPBIN=''
am__EXEEXT_FALSE=''
am__EXEEXT_TRUE='#'
am__fastdepCC_FALSE='#'
am__fastdepCC_TRUE=''
am__fastdepCXX_FALSE='#'
am__fastdepCXX_TRUE=''
am__include='include'
am__isrc=''
am__leading_dot='.'
am__nodep='_no'
am__quote=''
am__tar='$${TAR-tar} chof - "$$tardir"'
am__untar='$${TAR-tar} xf -'
bindir='${exec_prefix}/bin'
build='x86_64-apple-darwin16.6.0'
build_alias=''
build_cpu='x86_64'
build_os='darwin16.6.0'
build_vendor='apple'
datadir='${datarootdir}'
datarootdir='${prefix}/share'
docdir='${datarootdir}/doc/${PACKAGE_TARNAME}'
dvidir='${docdir}'
exec_prefix='${prefix}'
extralibs=''
host='x86_64-apple-darwin16.6.0'
host_alias=''
host_cpu='x86_64'
host_os='darwin16.6.0'
host_vendor='apple'
htmldir='${docdir}'
includedir='${prefix}/include'
infodir='${datarootdir}/info'
install_sh='${SHELL} /Users/aparrnaa/Desktop/CMU/Practicum/liblo-0.28/install-sh'
libdir='${exec_prefix}/lib'
libexecdir='${exec_prefix}/libexec'
localedir='${datarootdir}/locale'
localstatedir='${prefix}/var'
mandir='${datarootdir}/man'
mkdir_p='$(MKDIR_P)'
oldincludedir='/usr/include'
pdfdir='${docdir}'
prefix='/usr/local'
program_transform_name='s,x,x,'
psdir='${docdir}'
sbindir='${exec_prefix}/sbin'
sharedstatedir='${prefix}/com'
sysconfdir='${prefix}/etc'
target_alias=''

## ----------- ##
## confdefs.h. ##
## ----------- ##

/* confdefs.h */
#define PACKAGE_NAME "liblo"
#define PACKAGE_TARNAME "liblo"
#define PACKAGE_VERSION "0.28"
#define PACKAGE_STRING "liblo 0.28"
#define PACKAGE_BUGREPORT "liblo-devel@lists.sourceforge.net"
#define PACKAGE_URL ""
#define PACKAGE "liblo"
#define VERSION "0.28"
#define LO_SO_VERSION {9, 0, 2}
#define STDC_HEADERS 1
#define HAVE_SYS_TYPES_H 1
#define HAVE_SYS_STAT_H 1
#define HAVE_STDLIB_H 1
#define HAVE_STRING_H 1
#define HAVE_MEMORY_H 1
#define HAVE_STRINGS_H 1
#define HAVE_INTTYPES_H 1
#define HAVE_STDINT_H 1
#define HAVE_UNISTD_H 1
#define HAVE_DLFCN_H 1
#define LT_OBJDIR ".libs/"
#define PRINTF_LL "ll"
#define HAVE_GETIFADDRS 1
#define ENABLE_THREADS 1
#define STDC_HEADERS 1
#define HAVE_NETDB_H 1
#define HAVE_NETINET_IN_H 1
#define HAVE_STDLIB_H 1
#define HAVE_STRING_H 1
#define HAVE_SYS_SOCKET_H 1
#define HAVE_UNISTD_H 1
#define HAVE_SELECT 1
#define HAVE_POLL 1
#define HAVE_INET_PTON 1
#define LO_BIGENDIAN "0"

configure: exit 0
